<?xml version="1.0" encoding="UTF-8"?>
<!-- Generated by org.testng.reporters.JUnitXMLReporter -->
<testsuite ignored="0" hostname="Qw3r7y" failures="0" tests="6" name="Default test" time="17.554" errors="0" timestamp="2024-05-30T22:31:24 CST">
  <testcase classname="testcase.LoginTest" name="Login" time="0.276"/>
  <testcase classname="testcase.LoginTest" name="Login" time="0.216"/>
  <testcase classname="testcase.LoginTest" name="Login" time="0.237"/>
  <testcase classname="testcase.LoginTest" name="Login" time="5.244"/>
  <testcase classname="testcase.LoginTest" name="Login" time="0.229"/>
  <testcase classname="testcase.LoginTest" name="Login" time="0.243"/>
</testsuite> <!-- Default test -->
