<?xml version="1.0" encoding="UTF-8"?>
<testng-results ignored="0" total="6" passed="6" failed="0" skipped="0">
  <reporter-output>
  </reporter-output>
  <suite started-at="2024-05-30T22:33:48 CST" name="Default suite" finished-at="2024-05-30T22:34:07 CST" duration-ms="18440">
    <groups>
    </groups>
    <test started-at="2024-05-30T22:33:48 CST" name="Default test" finished-at="2024-05-30T22:34:07 CST" duration-ms="18440">
      <class name="testcase.LoginTest">
        <test-method is-config="true" signature="setUp()[pri:0, instance:testcase.LoginTest@5542c4ed]" started-at="2024-05-30T22:33:49 CST" name="setUp" finished-at="2024-05-30T22:33:51 CST" duration-ms="1946" status="PASS">
          <reporter-output>
          </reporter-output>
        </test-method> <!-- setUp -->
        <test-method signature="Login(java.lang.String,java.lang.String,java.lang.String)[pri:0, instance:testcase.LoginTest@5542c4ed]" started-at="2024-05-30T22:33:51 CST" name="Login" data-provider="data" finished-at="2024-05-30T22:33:51 CST" duration-ms="253" status="PASS">
          <params>
            <param index="0">
              <value>
                <![CDATA[standard_user]]>
              </value>
            </param>
            <param index="1">
              <value>
                <![CDATA[secret_sauce]]>
              </value>
            </param>
            <param index="2">
              <value>
                <![CDATA[Swag Labs]]>
              </value>
            </param>
          </params>
          <reporter-output>
          </reporter-output>
        </test-method> <!-- Login -->
        <test-method is-config="true" signature="tearDown()[pri:0, instance:testcase.LoginTest@5542c4ed]" started-at="2024-05-30T22:33:51 CST" name="tearDown" finished-at="2024-05-30T22:33:51 CST" duration-ms="117" status="PASS">
          <reporter-output>
          </reporter-output>
        </test-method> <!-- tearDown -->
        <test-method is-config="true" signature="setUp()[pri:0, instance:testcase.LoginTest@5542c4ed]" started-at="2024-05-30T22:33:51 CST" name="setUp" finished-at="2024-05-30T22:33:53 CST" duration-ms="1430" status="PASS">
          <reporter-output>
          </reporter-output>
        </test-method> <!-- setUp -->
        <test-method signature="Login(java.lang.String,java.lang.String,java.lang.String)[pri:0, instance:testcase.LoginTest@5542c4ed]" started-at="2024-05-30T22:33:53 CST" name="Login" data-provider="data" finished-at="2024-05-30T22:33:53 CST" duration-ms="224" status="PASS">
          <params>
            <param index="0">
              <value>
                <![CDATA[locked_out_user]]>
              </value>
            </param>
            <param index="1">
              <value>
                <![CDATA[secret_sauce]]>
              </value>
            </param>
            <param index="2">
              <value>
                <![CDATA[Swag Labs]]>
              </value>
            </param>
          </params>
          <reporter-output>
          </reporter-output>
        </test-method> <!-- Login -->
        <test-method is-config="true" signature="tearDown()[pri:0, instance:testcase.LoginTest@5542c4ed]" started-at="2024-05-30T22:33:53 CST" name="tearDown" finished-at="2024-05-30T22:33:53 CST" duration-ms="134" status="PASS">
          <reporter-output>
          </reporter-output>
        </test-method> <!-- tearDown -->
        <test-method is-config="true" signature="setUp()[pri:0, instance:testcase.LoginTest@5542c4ed]" started-at="2024-05-30T22:33:53 CST" name="setUp" finished-at="2024-05-30T22:33:55 CST" duration-ms="2240" status="PASS">
          <reporter-output>
          </reporter-output>
        </test-method> <!-- setUp -->
        <test-method signature="Login(java.lang.String,java.lang.String,java.lang.String)[pri:0, instance:testcase.LoginTest@5542c4ed]" started-at="2024-05-30T22:33:55 CST" name="Login" data-provider="data" finished-at="2024-05-30T22:33:56 CST" duration-ms="232" status="PASS">
          <params>
            <param index="0">
              <value>
                <![CDATA[problem_user]]>
              </value>
            </param>
            <param index="1">
              <value>
                <![CDATA[secret_sauce]]>
              </value>
            </param>
            <param index="2">
              <value>
                <![CDATA[Swag Labs]]>
              </value>
            </param>
          </params>
          <reporter-output>
          </reporter-output>
        </test-method> <!-- Login -->
        <test-method is-config="true" signature="tearDown()[pri:0, instance:testcase.LoginTest@5542c4ed]" started-at="2024-05-30T22:33:56 CST" name="tearDown" finished-at="2024-05-30T22:33:56 CST" duration-ms="120" status="PASS">
          <reporter-output>
          </reporter-output>
        </test-method> <!-- tearDown -->
        <test-method is-config="true" signature="setUp()[pri:0, instance:testcase.LoginTest@5542c4ed]" started-at="2024-05-30T22:33:56 CST" name="setUp" finished-at="2024-05-30T22:33:57 CST" duration-ms="1477" status="PASS">
          <reporter-output>
          </reporter-output>
        </test-method> <!-- setUp -->
        <test-method signature="Login(java.lang.String,java.lang.String,java.lang.String)[pri:0, instance:testcase.LoginTest@5542c4ed]" started-at="2024-05-30T22:33:57 CST" name="Login" data-provider="data" finished-at="2024-05-30T22:34:02 CST" duration-ms="5242" status="PASS">
          <params>
            <param index="0">
              <value>
                <![CDATA[performance_glitch_user]]>
              </value>
            </param>
            <param index="1">
              <value>
                <![CDATA[secret_sauce]]>
              </value>
            </param>
            <param index="2">
              <value>
                <![CDATA[Swag Labs]]>
              </value>
            </param>
          </params>
          <reporter-output>
          </reporter-output>
        </test-method> <!-- Login -->
        <test-method is-config="true" signature="tearDown()[pri:0, instance:testcase.LoginTest@5542c4ed]" started-at="2024-05-30T22:34:02 CST" name="tearDown" finished-at="2024-05-30T22:34:03 CST" duration-ms="118" status="PASS">
          <reporter-output>
          </reporter-output>
        </test-method> <!-- tearDown -->
        <test-method is-config="true" signature="setUp()[pri:0, instance:testcase.LoginTest@5542c4ed]" started-at="2024-05-30T22:34:03 CST" name="setUp" finished-at="2024-05-30T22:34:04 CST" duration-ms="1521" status="PASS">
          <reporter-output>
          </reporter-output>
        </test-method> <!-- setUp -->
        <test-method signature="Login(java.lang.String,java.lang.String,java.lang.String)[pri:0, instance:testcase.LoginTest@5542c4ed]" started-at="2024-05-30T22:34:04 CST" name="Login" data-provider="data" finished-at="2024-05-30T22:34:04 CST" duration-ms="225" status="PASS">
          <params>
            <param index="0">
              <value>
                <![CDATA[error_user]]>
              </value>
            </param>
            <param index="1">
              <value>
                <![CDATA[secret_sauce]]>
              </value>
            </param>
            <param index="2">
              <value>
                <![CDATA[Swag Labs]]>
              </value>
            </param>
          </params>
          <reporter-output>
          </reporter-output>
        </test-method> <!-- Login -->
        <test-method is-config="true" signature="tearDown()[pri:0, instance:testcase.LoginTest@5542c4ed]" started-at="2024-05-30T22:34:04 CST" name="tearDown" finished-at="2024-05-30T22:34:04 CST" duration-ms="118" status="PASS">
          <reporter-output>
          </reporter-output>
        </test-method> <!-- tearDown -->
        <test-method is-config="true" signature="setUp()[pri:0, instance:testcase.LoginTest@5542c4ed]" started-at="2024-05-30T22:34:04 CST" name="setUp" finished-at="2024-05-30T22:34:06 CST" duration-ms="1959" status="PASS">
          <reporter-output>
          </reporter-output>
        </test-method> <!-- setUp -->
        <test-method signature="Login(java.lang.String,java.lang.String,java.lang.String)[pri:0, instance:testcase.LoginTest@5542c4ed]" started-at="2024-05-30T22:34:06 CST" name="Login" data-provider="data" finished-at="2024-05-30T22:34:07 CST" duration-ms="233" status="PASS">
          <params>
            <param index="0">
              <value>
                <![CDATA[visual_user]]>
              </value>
            </param>
            <param index="1">
              <value>
                <![CDATA[secret_sauce]]>
              </value>
            </param>
            <param index="2">
              <value>
                <![CDATA[Swag Labs]]>
              </value>
            </param>
          </params>
          <reporter-output>
          </reporter-output>
        </test-method> <!-- Login -->
        <test-method is-config="true" signature="tearDown()[pri:0, instance:testcase.LoginTest@5542c4ed]" started-at="2024-05-30T22:34:07 CST" name="tearDown" finished-at="2024-05-30T22:34:07 CST" duration-ms="114" status="PASS">
          <reporter-output>
          </reporter-output>
        </test-method> <!-- tearDown -->
      </class> <!-- testcase.LoginTest -->
    </test> <!-- Default test -->
  </suite> <!-- Default suite -->
</testng-results>
