<?xml version="1.0" encoding="UTF-8"?>
<testng-results ignored="0" total="6" passed="6" failed="0" skipped="0">
  <reporter-output>
  </reporter-output>
  <suite started-at="2024-05-30T22:31:06 CST" name="Default suite" finished-at="2024-05-30T22:31:24 CST" duration-ms="17554">
    <groups>
    </groups>
    <test started-at="2024-05-30T22:31:06 CST" name="Default test" finished-at="2024-05-30T22:31:24 CST" duration-ms="17554">
      <class name="testcase.LoginTest">
        <test-method is-config="true" signature="setUp()[pri:0, instance:testcase.LoginTest@5542c4ed]" started-at="2024-05-30T22:31:07 CST" name="setUp" finished-at="2024-05-30T22:31:09 CST" duration-ms="1871" status="PASS">
          <reporter-output>
          </reporter-output>
        </test-method> <!-- setUp -->
        <test-method signature="Login(java.lang.String,java.lang.String,java.lang.String)[pri:0, instance:testcase.LoginTest@5542c4ed]" started-at="2024-05-30T22:31:09 CST" name="Login" data-provider="data" finished-at="2024-05-30T22:31:09 CST" duration-ms="276" status="PASS">
          <params>
            <param index="0">
              <value>
                <![CDATA[standard_user]]>
              </value>
            </param>
            <param index="1">
              <value>
                <![CDATA[secret_sauce]]>
              </value>
            </param>
            <param index="2">
              <value>
                <![CDATA[Swag Labs]]>
              </value>
            </param>
          </params>
          <reporter-output>
          </reporter-output>
        </test-method> <!-- Login -->
        <test-method is-config="true" signature="tearDown()[pri:0, instance:testcase.LoginTest@5542c4ed]" started-at="2024-05-30T22:31:09 CST" name="tearDown" finished-at="2024-05-30T22:31:09 CST" duration-ms="124" status="PASS">
          <reporter-output>
          </reporter-output>
        </test-method> <!-- tearDown -->
        <test-method is-config="true" signature="setUp()[pri:0, instance:testcase.LoginTest@5542c4ed]" started-at="2024-05-30T22:31:09 CST" name="setUp" finished-at="2024-05-30T22:31:10 CST" duration-ms="1344" status="PASS">
          <reporter-output>
          </reporter-output>
        </test-method> <!-- setUp -->
        <test-method signature="Login(java.lang.String,java.lang.String,java.lang.String)[pri:0, instance:testcase.LoginTest@5542c4ed]" started-at="2024-05-30T22:31:10 CST" name="Login" data-provider="data" finished-at="2024-05-30T22:31:11 CST" duration-ms="216" status="PASS">
          <params>
            <param index="0">
              <value>
                <![CDATA[locked_out_user]]>
              </value>
            </param>
            <param index="1">
              <value>
                <![CDATA[secret_sauce]]>
              </value>
            </param>
            <param index="2">
              <value>
                <![CDATA[Swag Labs]]>
              </value>
            </param>
          </params>
          <reporter-output>
          </reporter-output>
        </test-method> <!-- Login -->
        <test-method is-config="true" signature="tearDown()[pri:0, instance:testcase.LoginTest@5542c4ed]" started-at="2024-05-30T22:31:11 CST" name="tearDown" finished-at="2024-05-30T22:31:11 CST" duration-ms="120" status="PASS">
          <reporter-output>
          </reporter-output>
        </test-method> <!-- tearDown -->
        <test-method is-config="true" signature="setUp()[pri:0, instance:testcase.LoginTest@5542c4ed]" started-at="2024-05-30T22:31:11 CST" name="setUp" finished-at="2024-05-30T22:31:12 CST" duration-ms="1349" status="PASS">
          <reporter-output>
          </reporter-output>
        </test-method> <!-- setUp -->
        <test-method signature="Login(java.lang.String,java.lang.String,java.lang.String)[pri:0, instance:testcase.LoginTest@5542c4ed]" started-at="2024-05-30T22:31:12 CST" name="Login" data-provider="data" finished-at="2024-05-30T22:31:12 CST" duration-ms="237" status="PASS">
          <params>
            <param index="0">
              <value>
                <![CDATA[problem_user]]>
              </value>
            </param>
            <param index="1">
              <value>
                <![CDATA[secret_sauce]]>
              </value>
            </param>
            <param index="2">
              <value>
                <![CDATA[Swag Labs]]>
              </value>
            </param>
          </params>
          <reporter-output>
          </reporter-output>
        </test-method> <!-- Login -->
        <test-method is-config="true" signature="tearDown()[pri:0, instance:testcase.LoginTest@5542c4ed]" started-at="2024-05-30T22:31:12 CST" name="tearDown" finished-at="2024-05-30T22:31:12 CST" duration-ms="109" status="PASS">
          <reporter-output>
          </reporter-output>
        </test-method> <!-- tearDown -->
        <test-method is-config="true" signature="setUp()[pri:0, instance:testcase.LoginTest@5542c4ed]" started-at="2024-05-30T22:31:12 CST" name="setUp" finished-at="2024-05-30T22:31:14 CST" duration-ms="1376" status="PASS">
          <reporter-output>
          </reporter-output>
        </test-method> <!-- setUp -->
        <test-method signature="Login(java.lang.String,java.lang.String,java.lang.String)[pri:0, instance:testcase.LoginTest@5542c4ed]" started-at="2024-05-30T22:31:14 CST" name="Login" data-provider="data" finished-at="2024-05-30T22:31:19 CST" duration-ms="5244" status="PASS">
          <params>
            <param index="0">
              <value>
                <![CDATA[performance_glitch_user]]>
              </value>
            </param>
            <param index="1">
              <value>
                <![CDATA[secret_sauce]]>
              </value>
            </param>
            <param index="2">
              <value>
                <![CDATA[Swag Labs]]>
              </value>
            </param>
          </params>
          <reporter-output>
          </reporter-output>
        </test-method> <!-- Login -->
        <test-method is-config="true" signature="tearDown()[pri:0, instance:testcase.LoginTest@5542c4ed]" started-at="2024-05-30T22:31:19 CST" name="tearDown" finished-at="2024-05-30T22:31:19 CST" duration-ms="118" status="PASS">
          <reporter-output>
          </reporter-output>
        </test-method> <!-- tearDown -->
        <test-method is-config="true" signature="setUp()[pri:0, instance:testcase.LoginTest@5542c4ed]" started-at="2024-05-30T22:31:19 CST" name="setUp" finished-at="2024-05-30T22:31:21 CST" duration-ms="1917" status="PASS">
          <reporter-output>
          </reporter-output>
        </test-method> <!-- setUp -->
        <test-method signature="Login(java.lang.String,java.lang.String,java.lang.String)[pri:0, instance:testcase.LoginTest@5542c4ed]" started-at="2024-05-30T22:31:21 CST" name="Login" data-provider="data" finished-at="2024-05-30T22:31:21 CST" duration-ms="229" status="PASS">
          <params>
            <param index="0">
              <value>
                <![CDATA[error_user]]>
              </value>
            </param>
            <param index="1">
              <value>
                <![CDATA[secret_sauce]]>
              </value>
            </param>
            <param index="2">
              <value>
                <![CDATA[Swag Labs]]>
              </value>
            </param>
          </params>
          <reporter-output>
          </reporter-output>
        </test-method> <!-- Login -->
        <test-method is-config="true" signature="tearDown()[pri:0, instance:testcase.LoginTest@5542c4ed]" started-at="2024-05-30T22:31:21 CST" name="tearDown" finished-at="2024-05-30T22:31:21 CST" duration-ms="116" status="PASS">
          <reporter-output>
          </reporter-output>
        </test-method> <!-- tearDown -->
        <test-method is-config="true" signature="setUp()[pri:0, instance:testcase.LoginTest@5542c4ed]" started-at="2024-05-30T22:31:21 CST" name="setUp" finished-at="2024-05-30T22:31:23 CST" duration-ms="1836" status="PASS">
          <reporter-output>
          </reporter-output>
        </test-method> <!-- setUp -->
        <test-method signature="Login(java.lang.String,java.lang.String,java.lang.String)[pri:0, instance:testcase.LoginTest@5542c4ed]" started-at="2024-05-30T22:31:23 CST" name="Login" data-provider="data" finished-at="2024-05-30T22:31:23 CST" duration-ms="243" status="PASS">
          <params>
            <param index="0">
              <value>
                <![CDATA[visual_user]]>
              </value>
            </param>
            <param index="1">
              <value>
                <![CDATA[secret_sauce]]>
              </value>
            </param>
            <param index="2">
              <value>
                <![CDATA[Swag Labs]]>
              </value>
            </param>
          </params>
          <reporter-output>
          </reporter-output>
        </test-method> <!-- Login -->
        <test-method is-config="true" signature="tearDown()[pri:0, instance:testcase.LoginTest@5542c4ed]" started-at="2024-05-30T22:31:23 CST" name="tearDown" finished-at="2024-05-30T22:31:24 CST" duration-ms="109" status="PASS">
          <reporter-output>
          </reporter-output>
        </test-method> <!-- tearDown -->
      </class> <!-- testcase.LoginTest -->
    </test> <!-- Default test -->
  </suite> <!-- Default suite -->
</testng-results>
