<?xml version="1.0" encoding="UTF-8"?>
<!-- Generated by org.testng.reporters.JUnitXMLReporter -->
<testsuite ignored="0" hostname="Qw3r7y" failures="0" tests="6" name="LoginTest" time="15.191" errors="0" timestamp="2024-05-07T22:15:45 CST">
  <testcase classname="testcase.LoginTest" name="Login" time="0.285"/>
  <testcase classname="testcase.LoginTest" name="Login" time="0.299"/>
  <testcase classname="testcase.LoginTest" name="Login" time="0.293"/>
  <testcase classname="testcase.LoginTest" name="Login" time="5.315"/>
  <testcase classname="testcase.LoginTest" name="Login" time="0.266"/>
  <testcase classname="testcase.LoginTest" name="Login" time="0.303"/>
</testsuite> <!-- LoginTest -->
